  App.cpp
C:\Users\immon\Documents\graphics\Helmi\Helmi\helmirt\RTTriangle.h(113,40): warning C4244: 'initializing': conversion from 'double' to 'const float', possible loss of data
C:\Users\immon\Documents\graphics\Helmi\Helmi\helmirt\App.cpp(36,14): warning C4091: '': ignored on left of 'helmirt::ScopedTimer' when no variable is declared
  Renderer.cpp
C:\Users\immon\Documents\graphics\Helmi\Helmi\helmirt\RTTriangle.h(113,40): warning C4244: 'initializing': conversion from 'double' to 'const float', possible loss of data
C:\Users\immon\Documents\graphics\Helmi\Helmi\helmirt\Renderer.cpp(187,46): warning C4267: 'initializing': conversion from 'size_t' to 'uint32_t', possible loss of data
C:\Users\immon\Documents\graphics\Helmi\Helmi\helmirt\Renderer.cpp(219,30): warning C4018: '<': signed/unsigned mismatch
C:\Users\immon\Documents\graphics\Helmi\Helmi\helmirt\Renderer.cpp(248,32): warning C4018: '<': signed/unsigned mismatch
C:\Users\immon\Documents\graphics\Helmi\Helmi\helmirt\Renderer.cpp(249,12): warning C4244: 'initializing': conversion from 'T' to 'int', possible loss of data
          with
          [
              T=float
          ]
C:\Users\immon\Documents\graphics\Helmi\Helmi\helmirt\Renderer.cpp(284,20): warning C4244: 'initializing': conversion from 'int' to 'float', possible loss of data
C:\Users\immon\Documents\graphics\Helmi\Helmi\helmirt\Renderer.cpp(287,12): warning C4244: 'initializing': conversion from 'T' to 'int', possible loss of data
          with
          [
              T=float
          ]
C:\Users\immon\Documents\graphics\Helmi\Helmi\helmirt\Renderer.cpp(299,20): warning C4244: 'initializing': conversion from '__int64' to 'uint32_t', possible loss of data
C:\Users\immon\Documents\graphics\Helmi\Helmi\helmirt\Renderer.cpp(445,29): warning C4018: '<': signed/unsigned mismatch
  RTImage.cpp
  rtTexture2D.cpp
  RTTriangle.cpp
C:\Users\immon\Documents\graphics\Helmi\Helmi\helmirt\RTTriangle.h(113,40): warning C4244: 'initializing': conversion from 'double' to 'const float', possible loss of data
  ScopedTimer.cpp
  Generating Code...
C:\Users\immon\Documents\graphics\Helmi\Helmi\helmirt\RTTriangle.cpp(116): warning C4715: 'helmirt::RTTriangle::hasTextureType': not all control paths return a value
  helmirt.vcxproj -> C:\Users\immon\Documents\graphics\Helmi\Helmi\x64\Debug\helmirt.lib
