  imgui.cpp
  imgui_demo.cpp
  imgui_draw.cpp
  imgui_impl_glfw.cpp
  imgui_impl_opengl3.cpp
  imgui_widgets.cpp
  App.cpp
C:\Users\immon\Documents\graphics\Helmi\Helmi\helmirt\RTTriangle.h(113,40): warning C4244: 'initializing': conversion from 'double' to 'const float', possible loss of data
C:\Users\immon\Documents\graphics\Helmi\Helmi\Helmi\Application.h(65,22): warning C4244: 'initializing': conversion from 'double' to 'float', possible loss of data
C:\Users\immon\Documents\graphics\Helmi\Helmi\Helmi\Application.h(71,17): warning C4244: '=': conversion from 'double' to 'float', possible loss of data
  Application.cpp
C:\Users\immon\Documents\graphics\Helmi\Helmi\helmirt\RTTriangle.h(113,40): warning C4244: 'initializing': conversion from 'double' to 'const float', possible loss of data
C:\Users\immon\Documents\graphics\Helmi\Helmi\Helmi\Application.h(65,22): warning C4244: 'initializing': conversion from 'double' to 'float', possible loss of data
C:\Users\immon\Documents\graphics\Helmi\Helmi\Helmi\Application.h(71,17): warning C4244: '=': conversion from 'double' to 'float', possible loss of data
C:\Users\immon\Documents\graphics\Helmi\Helmi\Helmi\Application.cpp(216,18): warning C4018: '<': signed/unsigned mismatch
C:\Users\immon\Documents\graphics\Helmi\Helmi\Helmi\Application.cpp(292,43): warning C4244: 'argument': conversion from 'int' to 'float', possible loss of data
C:\Users\immon\Documents\graphics\Helmi\Helmi\Helmi\Application.cpp(292,34): warning C4244: 'argument': conversion from 'int' to 'float', possible loss of data
C:\Users\immon\Documents\graphics\Helmi\Helmi\Helmi\Application.cpp(360,23): warning C4244: '=': conversion from 'double' to 'float', possible loss of data
C:\Users\immon\Documents\graphics\Helmi\Helmi\Helmi\Application.cpp(361,23): warning C4244: '=': conversion from 'double' to 'float', possible loss of data
C:\Users\immon\Documents\graphics\Helmi\Helmi\Helmi\Application.cpp(365,78): warning C4244: 'argument': conversion from 'double' to 'float', possible loss of data
C:\Users\immon\Documents\graphics\Helmi\Helmi\Helmi\Application.cpp(365,39): warning C4244: 'argument': conversion from 'double' to 'float', possible loss of data
C:\Users\immon\Documents\graphics\Helmi\Helmi\Helmi\Application.cpp(366,22): warning C4244: '=': conversion from 'double' to 'float', possible loss of data
C:\Users\immon\Documents\graphics\Helmi\Helmi\Helmi\Application.cpp(367,22): warning C4244: '=': conversion from 'double' to 'float', possible loss of data
C:\Users\immon\Documents\graphics\Helmi\Helmi\Helmi\Application.cpp(375,32): warning C4244: 'argument': conversion from 'double' to 'float', possible loss of data
  Buffers.cpp
  CubeMap.cpp
  Light.cpp
  Mesh.cpp
  Model.cpp
C:\Users\immon\Documents\graphics\Helmi\Helmi\helmirt\RTTriangle.h(113,40): warning C4244: 'initializing': conversion from 'double' to 'const float', possible loss of data
C:\Users\immon\Documents\graphics\Helmi\Helmi\Helmi\Model.cpp(12,20): warning C4018: '<': signed/unsigned mismatch
C:\Users\immon\Documents\graphics\Helmi\Helmi\Helmi\Model.cpp(61,23): warning C4018: '<': signed/unsigned mismatch
C:\Users\immon\Documents\graphics\Helmi\Helmi\Helmi\Model.cpp(100,20): warning C4018: '<': signed/unsigned mismatch
C:\Users\immon\Documents\graphics\Helmi\Helmi\Helmi\Model.cpp(105,20): warning C4018: '<': signed/unsigned mismatch
C:\Users\immon\Documents\graphics\Helmi\Helmi\Helmi\Model.cpp(115,20): warning C4018: '<': signed/unsigned mismatch
  Shader.cpp
  stb_image.cpp
  Texture2D.cpp
  glad.c
imgui_impl_glfw.obj : error LNK2001: unresolved external symbol _glfwGetClipboardString
imgui_impl_glfw.obj : error LNK2001: unresolved external symbol _glfwGetInputMode
imgui_impl_glfw.obj : error LNK2001: unresolved external symbol _glfwGetWindowAttrib
imgui_impl_glfw.obj : error LNK2001: unresolved external symbol _glfwGetTime
imgui_impl_glfw.obj : error LNK2001: unresolved external symbol _glfwGetFramebufferSize
imgui_impl_glfw.obj : error LNK2001: unresolved external symbol _glfwSetClipboardString
imgui_impl_glfw.obj : error LNK2001: unresolved external symbol _glfwGetMouseButton
imgui_impl_glfw.obj : error LNK2001: unresolved external symbol _glfwGetWindowSize
imgui_impl_glfw.obj : error LNK2001: unresolved external symbol _glfwSetMouseButtonCallback
imgui_impl_glfw.obj : error LNK2001: unresolved external symbol _glfwSetCursor
imgui_impl_glfw.obj : error LNK2001: unresolved external symbol _glfwDestroyCursor
imgui_impl_glfw.obj : error LNK2001: unresolved external symbol _glfwSetKeyCallback
imgui_impl_glfw.obj : error LNK2001: unresolved external symbol _glfwSetScrollCallback
imgui_impl_glfw.obj : error LNK2001: unresolved external symbol _glfwSetInputMode
imgui_impl_glfw.obj : error LNK2001: unresolved external symbol _glfwCreateStandardCursor
imgui_impl_glfw.obj : error LNK2001: unresolved external symbol _glfwGetJoystickAxes
imgui_impl_glfw.obj : error LNK2001: unresolved external symbol _glfwGetJoystickButtons
imgui_impl_glfw.obj : error LNK2001: unresolved external symbol _glfwSetCursorPos
imgui_impl_glfw.obj : error LNK2001: unresolved external symbol _glfwGetWin32Window
imgui_impl_glfw.obj : error LNK2001: unresolved external symbol _glfwGetCursorPos
imgui_impl_glfw.obj : error LNK2001: unresolved external symbol _glfwSetErrorCallback
imgui_impl_glfw.obj : error LNK2001: unresolved external symbol _glfwSetCharCallback
Application.obj : error LNK2001: unresolved external symbol _glfwSwapBuffers
Application.obj : error LNK2001: unresolved external symbol _glfwSetFramebufferSizeCallback
Application.obj : error LNK2001: unresolved external symbol _glfwSwapInterval
Application.obj : error LNK2001: unresolved external symbol _glfwGetKey
Application.obj : error LNK2001: unresolved external symbol _glfwTerminate
Application.obj : error LNK2001: unresolved external symbol _glfwPollEvents
Application.obj : error LNK2001: unresolved external symbol _glfwInit
Application.obj : error LNK2001: unresolved external symbol _glfwSetWindowShouldClose
Application.obj : error LNK2001: unresolved external symbol _glfwCreateWindow
Application.obj : error LNK2001: unresolved external symbol _glfwWindowHint
Application.obj : error LNK2001: unresolved external symbol _glfwMakeContextCurrent
Application.obj : error LNK2001: unresolved external symbol _glfwGetProcAddress
Application.obj : error LNK2001: unresolved external symbol _glfwSetCursorPosCallback
Application.obj : error LNK2001: unresolved external symbol _glfwWindowShouldClose
Model.obj : error LNK2001: unresolved external symbol _aiGetMaterialString
Model.obj : error LNK2001: unresolved external symbol _aiGetMaterialColor
Model.obj : error LNK2001: unresolved external symbol "public: char const * __thiscall Assimp::Importer::GetErrorString(void)const " (?GetErrorString@Importer@Assimp@@QBEPBDXZ)
Model.obj : error LNK2001: unresolved external symbol "public: struct aiScene const * __thiscall Assimp::Importer::ReadFile(char const *,unsigned int)" (?ReadFile@Importer@Assimp@@QAEPBUaiScene@@PBDI@Z)
Model.obj : error LNK2001: unresolved external symbol "public: __thiscall Assimp::Importer::~Importer(void)" (??1Importer@Assimp@@QAE@XZ)
Model.obj : error LNK2001: unresolved external symbol "public: __thiscall Assimp::Importer::Importer(void)" (??0Importer@Assimp@@QAE@XZ)
C:\Users\immon\Documents\graphics\Helmi\Helmi\Release\helmigl.exe : fatal error LNK1120: 42 unresolved externals
